[2017-07-17 12:18:27] START
[2017-07-17 12:22:48] CREATE dashboard/html.html: 0
[2017-07-17 12:23:03] EDIT CO2/views/dashboard/html.html: 21
[2017-07-17 12:51:24] DELETE CO2/views/dashboard/html.html: -24
[2017-07-18 13:35:03] CREATE lepton.py: 0
[2017-07-18 13:35:42] CREATE lepton/index.html: 0
[2017-07-18 13:45:24] EDIT sensor_readiness/views/lepton/index.html: 10
[2017-07-18 13:48:03] EDIT sensor_readiness/views/lepton/index.html: 0
[2017-07-18 14:00:28] EDIT sensor_readiness/views/default/index.html: -32
[2017-07-18 14:00:51] EDIT sensor_readiness/views/default/index.html: 32
[2017-07-18 14:01:11] EDIT sensor_readiness/views/default/index.html: 0
[2017-07-18 14:03:11] EDIT sensor_readiness/views/default/index.html: 32
[2017-07-18 14:22:58] EDIT sensor_readiness/views/default/index.html: -22
[2017-07-18 14:25:13] EDIT sensor_readiness/views/default/index.html: -20
[2017-07-18 14:25:55] EDIT sensor_readiness/views/default/index.html: 0
[2017-07-18 14:27:23] EDIT sensor_readiness/views/default/index.html: -10
[2017-07-18 14:28:42] EDIT sensor_readiness/views/default/index.html: -17
[2017-07-18 14:30:12] EDIT sensor_readiness/views/default/index.html: -2
[2017-07-18 14:31:58] EDIT sensor_readiness/views/default/index.html: 10
[2017-07-18 14:37:45] CREATE co2.py: 0
[2017-07-18 14:38:02] EDIT sensor_readiness/controllers/co2.py: 21
[2017-07-18 14:38:29] EDIT sensor_readiness/controllers/co2.py: -1
[2017-07-18 14:39:24] CREATE co2/index.html: 0
[2017-07-18 14:41:50] EDIT sensor_readiness/views/co2/index.html: 13
[2017-07-18 14:42:30] EDIT sensor_readiness/views/co2/index.html: -2
[2017-07-18 14:43:34] EDIT sensor_readiness/views/co2/index.html: 0
[2017-07-18 14:50:10] EDIT sensor_readiness/views/co2/index.html: 0
[2017-07-18 14:51:54] EDIT sensor_readiness/controllers/co2.py: 1
[2017-07-18 14:53:16] EDIT sensor_readiness/views/co2/index.html: 0
[2017-07-18 14:54:38] EDIT sensor_readiness/views/default/index.html: 0
[2017-07-19 09:38:44] EDIT sensor_readiness/controllers/co2.py: -10
[2017-07-19 09:39:00] CREATE CO2.html: 0
[2017-07-19 09:39:38] CREATE co2.html: 0
[2017-07-19 09:41:39] EDIT sensor_readiness/controllers/co2.py: 1
[2017-07-19 09:42:07] DELETE sensor_readiness/views/CO2.html: -3
[2017-07-19 09:42:50] CREATE co2/co2.html: 0
[2017-07-19 09:43:54] DELETE sensor_readiness/views/co2.html: -3
[2017-07-19 09:21:48] EDIT sensor_readiness/controllers/co2.py: 1
[2017-07-19 09:22:54] EDIT sensor_readiness/controllers/co2.py: -1
[2017-07-19 09:23:12] EDIT sensor_readiness/views/co2/co2.html: -1
[2017-07-19 09:24:26] EDIT sensor_readiness/controllers/co2.py: 0
[2017-07-19 09:26:38] CREATE co2original.py: 0
[2017-07-19 09:27:03] EDIT sensor_readiness/controllers/co2original.py: 20
[2017-07-19 09:27:17] CREATE co2original.html: 0
[2017-07-19 09:32:51] EDIT sensor_readiness/controllers/co2.py: 14
[2017-07-19 09:34:02] EDIT sensor_readiness/controllers/co2.py: -3
[2017-07-19 09:35:05] EDIT sensor_readiness/controllers/co2.py: 0
[2017-07-19 09:38:17] EDIT sensor_readiness/controllers/co2.py: -5
[2017-07-19 09:40:59] EDIT sensor_readiness/controllers/co2.py: 0
[2017-07-19 09:42:09] EDIT sensor_readiness/controllers/co2.py: 0
[2017-07-19 09:43:00] EDIT sensor_readiness/controllers/co2.py: 0
[2017-07-19 09:44:20] EDIT sensor_readiness/controllers/co2original.py: -2
[2017-07-19 09:51:16] EDIT sensor_readiness/controllers/co2.py: 4
[2017-07-19 09:51:56] EDIT sensor_readiness/controllers/co2.py: 0
[2017-07-19 09:52:54] EDIT sensor_readiness/controllers/co2.py: 0
[2017-07-19 09:53:02] EDIT sensor_readiness/controllers/co2.py: 0
[2017-07-19 09:53:42] EDIT sensor_readiness/controllers/co2.py: 0
[2017-07-19 09:54:05] EDIT sensor_readiness/controllers/co2.py: 0
[2017-07-19 09:54:52] EDIT sensor_readiness/controllers/co2.py: 0
[2017-07-19 09:17:56] EDIT sensor_readiness/controllers/co2.py: 0
[2017-07-19 09:18:16] EDIT sensor_readiness/controllers/co2.py: 0
[2017-07-19 09:18:29] EDIT sensor_readiness/controllers/co2.py: 0
[2017-07-19 09:18:56] EDIT sensor_readiness/controllers/co2.py: 0
[2017-07-19 09:19:08] EDIT sensor_readiness/controllers/co2.py: 0
[2017-07-19 09:19:31] EDIT sensor_readiness/controllers/co2.py: 0
[2017-07-19 09:20:22] EDIT sensor_readiness/controllers/co2.py: 0
[2017-07-19 09:20:47] EDIT sensor_readiness/controllers/co2.py: 0
[2017-07-19 09:21:52] EDIT sensor_readiness/controllers/co2.py: 0
[2017-07-19 09:23:31] EDIT sensor_readiness/controllers/co2.py: 1
[2017-07-19 09:23:59] EDIT sensor_readiness/controllers/co2.py: 0
[2017-07-19 09:17:43] EDIT sensor_readiness/controllers/co2.py: 1
[2017-07-19 09:18:33] EDIT sensor_readiness/controllers/co2.py: 0
[2017-07-19 09:18:58] EDIT sensor_readiness/controllers/co2.py: 0
[2017-07-19 09:20:10] EDIT sensor_readiness/controllers/co2.py: 0
[2017-07-19 09:20:52] EDIT sensor_readiness/controllers/co2.py: 0
[2017-07-19 09:21:35] EDIT sensor_readiness/controllers/co2.py: -1
[2017-07-19 09:41:01] EDIT sensor_readiness/controllers/co2.py: 0
[2017-07-25 21:37:04] EDIT sensor_readiness/views/default/index.html: 14
[2017-07-25 21:40:14] EDIT sensor_readiness/views/default/index.html: 1
[2017-07-25 21:41:55] EDIT sensor_readiness/views/default/index.html: -1
[2017-07-25 21:42:18] EDIT sensor_readiness/views/default/index.html: 1
[2017-07-25 21:43:43] EDIT sensor_readiness/views/default/index.html: 1
[2017-07-25 21:48:45] EDIT sensor_readiness/views/default/index.html: 0
[2017-07-25 21:49:15] EDIT sensor_readiness/views/default/index.html: 0
[2017-07-25 21:50:12] EDIT sensor_readiness/views/default/index.html: 1
[2017-07-25 21:51:37] EDIT sensor_readiness/views/default/index.html: 0
[2017-07-25 21:52:07] EDIT sensor_readiness/views/default/index.html: 0
[2017-07-25 21:53:28] EDIT sensor_readiness/views/default/index.html: 0
[2017-07-25 21:54:36] EDIT sensor_readiness/views/default/index.html: 0
[2017-07-25 21:54:55] EDIT sensor_readiness/views/default/index.html: 0
[2017-07-25 21:56:47] EDIT sensor_readiness/views/default/index.html: 5
[2017-07-25 21:57:05] EDIT sensor_readiness/views/default/index.html: 0
[2017-07-25 21:57:42] EDIT sensor_readiness/views/default/index.html: 0
[2017-07-25 21:58:09] EDIT sensor_readiness/views/default/index.html: 0
